<?xml version="1.0" encoding="UTF-8"?>
<!-- Generated by org.testng.reporters.JUnitReportReporter -->
<testsuite hostname="Purushotham_PC" failures="0" tests="1" name="testCases.homePageTest" time="10.944" errors="0" timestamp="2021-02-08T13:17:01 IST" skipped="0">
  <testcase classname="testCases.homePageTest" name="homePage" time="10.944"/>
  <system-out/>
</testsuite> <!-- testCases.homePageTest -->
