<?xml version="1.0" encoding="UTF-8"?>
<!-- Generated by org.testng.reporters.JUnitReportReporter -->
<testsuite skipped="0" hostname="DESKTOP-9FB91S6" name="testCases.homePageTest" tests="3" failures="0" timestamp="2021-02-23T18:57:44 IST" time="55.005" errors="0">
  <testcase name="homePage" time="18.012" classname="testCases.homePageTest"/>
  <system-out>
***checking the flight booking button is enabled or not, after selecting the first flight on a particular date*** ***flight booking button is enabled***  </system-out>
  <testcase name="uitest" time="12.747" classname="testCases.homePageTest"/>
  <system-out>
***checking the color of 'Explore All Offers button' in the home page as per specifications or not*** ***The color of 'Explore All Offers button' in the home page is as per specification***  </system-out>
  <testcase name="footerlinks" time="24.246" classname="testCases.homePageTest"/>
  <system-out>
***checking the footer links are broken or not***  </system-out>
</testsuite> <!-- testCases.homePageTest -->
