<?xml version="1.0" encoding="UTF-8"?>
<!-- Generated by org.testng.reporters.JUnitReportReporter -->
<testsuite hostname="Purushotham_PC" failures="0" tests="3" name="testCases.homePageTest" time="36.792" errors="0" timestamp="2021-02-09T19:56:46 IST" skipped="0">
  <testcase classname="testCases.homePageTest" name="homePage" time="13.013"/>
  <system-out/>
  <testcase classname="testCases.homePageTest" name="uitest" time="9.467"/>
  <system-out/>
  <testcase classname="testCases.homePageTest" name="footerlinks" time="14.312"/>
  <system-out/>
</testsuite> <!-- testCases.homePageTest -->
