<?xml version="1.0" encoding="UTF-8"?>
<!-- Generated by org.testng.reporters.JUnitReportReporter -->
<testsuite hostname="Purushotham_PC" failures="0" tests="3" name="testCases.homePageTest" time="43.930" errors="0" timestamp="2021-02-10T18:02:02 IST" skipped="0">
  <testcase classname="testCases.homePageTest" name="homePage" time="10.519"/>
  <system-out/>
  <testcase classname="testCases.homePageTest" name="uitest" time="13.036"/>
  <system-out/>
  <testcase classname="testCases.homePageTest" name="footerlinks" time="20.375"/>
  <system-out/>
</testsuite> <!-- testCases.homePageTest -->
