<?xml version="1.0" encoding="UTF-8"?>
<!-- Generated by org.testng.reporters.JUnitReportReporter -->
<testsuite skipped="0" hostname="DESKTOP-9FB91S6" name="testCases.homePageTest" tests="3" failures="0" timestamp="2021-02-11T19:30:07 IST" time="46.738" errors="0">
  <testcase name="homePage" time="21.636" classname="testCases.homePageTest"/>
  <system-out/>
  <testcase name="uitest" time="9.448" classname="testCases.homePageTest"/>
  <system-out/>
  <testcase name="footerlinks" time="15.654" classname="testCases.homePageTest"/>
  <system-out/>
</testsuite> <!-- testCases.homePageTest -->
