<?xml version="1.0" encoding="UTF-8"?>
<!-- Generated by org.testng.reporters.JUnitReportReporter -->
<testsuite skipped="0" hostname="DESKTOP-9FB91S6" name="testCases.homePageTest" tests="3" failures="0" timestamp="2021-02-11T19:46:05 IST" time="46.521" errors="0">
  <testcase name="homePage" time="18.725" classname="testCases.homePageTest"/>
  <system-out>
====checking the flight booking button is enabled or not ====checking the flight booking button is enabled   </system-out>
  <testcase name="uitest" time="13.149" classname="testCases.homePageTest"/>
  <system-out>
====checking the color of 'Explore All Offers button' in the home page as per specifications or not ====The color of 'Explore All Offers button' in the home page is as per verificaton  </system-out>
  <testcase name="footerlinks" time="14.647" classname="testCases.homePageTest"/>
  <system-out>
====checking the footer links are broken or not  </system-out>
</testsuite> <!-- testCases.homePageTest -->
